#
# There is insufficient memory for the Java Runtime Environment to continue.
# Native memory allocation (malloc) failed to allocate 262160 bytes for Chunk::new
# Possible reasons:
#   The system is out of physical RAM or swap space
#   In 32 bit mode, the process size limit was hit
# Possible solutions:
#   Reduce memory load on the system
#   Increase physical memory or swap space
#   Check if swap backing store is full
#   Use 64 bit Java on a 64 bit OS
#   Decrease Java heap size (-Xmx/-Xms)
#   Decrease number of Java threads
#   Decrease Java thread stack sizes (-Xss)
#   Set larger code cache with -XX:ReservedCodeCacheSize=
# This output file may be truncated or incomplete.
#
#  Out of Memory Error (allocation.cpp:390), pid=6500, tid=0x0000000000000168
#
# JRE version: Java(TM) SE Runtime Environment (8.0_101-b13) (build 1.8.0_101-b13)
# Java VM: Java HotSpot(TM) 64-Bit Server VM (25.101-b13 mixed mode windows-amd64 compressed oops)
# Failed to write core dump. Minidumps are not enabled by default on client versions of Windows
#

---------------  T H R E A D  ---------------

Current thread (0x00000000566cc000):  JavaThread "C2 CompilerThread1" daemon [_thread_in_native, id=360, stack(0x0000000056ed0000,0x0000000056fd0000)]

Stack: [0x0000000056ed0000,0x0000000056fd0000]
[error occurred during error reporting (printing stack bounds), id 0xc0000005]

Native frames: (J=compiled Java code, j=interpreted, Vv=VM code, C=native code)


Current CompileTask:
C2:   6596  618       4       sun.font.TrueTypeFont::initAllNames (177 bytes)


---------------  P R O C E S S  ---------------

Java Threads: ( => current thread )
  0x000000000245e800 JavaThread "DestroyJavaVM" [_thread_blocked, id=11524, stack(0x00000000024a0000,0x00000000025a0000)]
  0x0000000056a98000 JavaThread "Thread-2" [_thread_blocked, id=6316, stack(0x00000000578d0000,0x00000000579d0000)]
  0x0000000056a3f000 JavaThread "AWT-EventQueue-0" [_thread_blocked, id=10708, stack(0x0000000057f60000,0x0000000058060000)]
  0x0000000056a26000 JavaThread "AWT-Windows" daemon [_thread_in_native, id=12448, stack(0x00000000577a0000,0x00000000578a0000)]
  0x0000000056a25000 JavaThread "AWT-Shutdown" [_thread_blocked, id=12400, stack(0x00000000575e0000,0x00000000576e0000)]
  0x0000000056a14000 JavaThread "Java2D Disposer" daemon [_thread_blocked, id=11736, stack(0x00000000573e0000,0x00000000574e0000)]
  0x0000000056742000 JavaThread "Service Thread" daemon [_thread_blocked, id=9048, stack(0x0000000057250000,0x0000000057350000)]
  0x0000000055157000 JavaThread "C1 CompilerThread2" daemon [_thread_blocked, id=7776, stack(0x0000000057140000,0x0000000057240000)]
=>0x00000000566cc000 JavaThread "C2 CompilerThread1" daemon [_thread_in_native, id=360, stack(0x0000000056ed0000,0x0000000056fd0000)]
  0x00000000566c4800 JavaThread "C2 CompilerThread0" daemon [_thread_blocked, id=13076, stack(0x0000000056da0000,0x0000000056ea0000)]
  0x00000000566c1800 JavaThread "Attach Listener" daemon [_thread_blocked, id=11136, stack(0x0000000056b30000,0x0000000056c30000)]
  0x00000000566c0800 JavaThread "Signal Dispatcher" daemon [_thread_blocked, id=10560, stack(0x0000000056c30000,0x0000000056d30000)]
  0x000000005513a800 JavaThread "Finalizer" daemon [_thread_blocked, id=11964, stack(0x00000000565c0000,0x00000000566c0000)]
  0x00000000550f3800 JavaThread "Reference Handler" daemon [_thread_blocked, id=8116, stack(0x0000000056430000,0x0000000056530000)]

Other Threads:
  0x00000000550ec000 VMThread [stack: 0x00000000561d0000,0x00000000562d0000] [id=10040]
  0x0000000056749000 WatcherThread [stack: 0x0000000057030000,0x0000000057130000] [id=12612]

VM state:not at safepoint (normal execution)

VM Mutex/Monitor currently owned by a thread: None

Heap:
 PSYoungGen      total 18944K, used 5765K [0x00000000eaf00000, 0x00000000ec400000, 0x0000000100000000)
  eden space 16384K, 19% used [0x00000000eaf00000,0x00000000eb2296b0,0x00000000ebf00000)
  from space 2560K, 98% used [0x00000000ebf00000,0x00000000ec178020,0x00000000ec180000)
  to   space 2560K, 0% used [0x00000000ec180000,0x00000000ec180000,0x00000000ec400000)
 ParOldGen       total 44032K, used 2643K [0x00000000c0c00000, 0x00000000c3700000, 0x00000000eaf00000)
  object space 44032K, 6% used [0x00000000c0c00000,0x00000000c0e94c60,0x00000000c3700000)
 Metaspace       used 8727K, capacity 8908K, committed 9088K, reserved 1056768K
  class space    used 1018K, capacity 1092K, committed 1152K, reserved 1048576K

Card table byte_map: [0x0000000011c30000,0x0000000011e30000] byte_map_base: 0x000000001162a000

Marking Bits: (ParMarkBitMap*) 0x000000005b21a6d0
 Begin Bits: [0x00000000125c0000, 0x0000000013590000)
 End Bits:   [0x0000000013590000, 0x0000000014560000)

Polling page: 0x0000000000550000

CodeCache: size=245760Kb used=2684Kb max_used=2684Kb free=243075Kb
 bounds [0x0000000002870000, 0x0000000002b20000, 0x0000000011870000]
 total_blobs=1087 nmethods=651 adapters=349
 compilation: enabled

Compilation events (10 events):
Event: 6.550 Thread 0x0000000055157000  648       3       java.util.ArrayList$Itr::checkForComodification (23 bytes)
Event: 6.551 Thread 0x0000000055157000 nmethod 648 0x0000000002b0e750 code [0x0000000002b0e8c0, 0x0000000002b0eae8]
Event: 6.564 Thread 0x0000000055157000  649       3       java.util.ArrayList$Itr::next (66 bytes)
Event: 6.565 Thread 0x0000000055157000 nmethod 649 0x0000000002b0ebd0 code [0x0000000002b0ed80, 0x0000000002b0f228]
Event: 6.565 Thread 0x0000000055157000  650       3       java.awt.Component::inside (30 bytes)
Event: 6.565 Thread 0x0000000055157000 nmethod 650 0x0000000002b0f490 code [0x0000000002b0f600, 0x0000000002b0f870]
Event: 6.579 Thread 0x0000000055157000  651       3       javax.swing.JComponent::contains (27 bytes)
Event: 6.580 Thread 0x0000000055157000 nmethod 651 0x0000000002b0f8d0 code [0x0000000002b0fa60, 0x0000000002b10110]
Event: 6.592 Thread 0x0000000055157000  652       3       sun.awt.AWTAccessor::getComponentAccessor (18 bytes)
Event: 6.592 Thread 0x0000000055157000 nmethod 652 0x0000000002b10290 code [0x0000000002b10400, 0x0000000002b10648]

GC Heap History (2 events):
Event: 5.886 GC heap before
{Heap before GC invocations=1 (full 0):
 PSYoungGen      total 18944K, used 16384K [0x00000000eaf00000, 0x00000000ec400000, 0x0000000100000000)
  eden space 16384K, 100% used [0x00000000eaf00000,0x00000000ebf00000,0x00000000ebf00000)
  from space 2560K, 0% used [0x00000000ec180000,0x00000000ec180000,0x00000000ec400000)
  to   space 2560K, 0% used [0x00000000ebf00000,0x00000000ebf00000,0x00000000ec180000)
 ParOldGen       total 44032K, used 0K [0x00000000c0c00000, 0x00000000c3700000, 0x00000000eaf00000)
  object space 44032K, 0% used [0x00000000c0c00000,0x00000000c0c00000,0x00000000c3700000)
 Metaspace       used 8579K, capacity 8716K, committed 8832K, reserved 1056768K
  class space    used 1003K, capacity 1092K, committed 1152K, reserved 1048576K
Event: 5.897 GC heap after
Heap after GC invocations=1 (full 0):
 PSYoungGen      total 18944K, used 2528K [0x00000000eaf00000, 0x00000000ec400000, 0x0000000100000000)
  eden space 16384K, 0% used [0x00000000eaf00000,0x00000000eaf00000,0x00000000ebf00000)
  from space 2560K, 98% used [0x00000000ebf00000,0x00000000ec178020,0x00000000ec180000)
  to   space 2560K, 0% used [0x00000000ec180000,0x00000000ec180000,0x00000000ec400000)
 ParOldGen       total 44032K, used 2643K [0x00000000c0c00000, 0x00000000c3700000, 0x00000000eaf00000)
  object space 44032K, 6% used [0x00000000c0c00000,0x00000000c0e94c60,0x00000000c3700000)
 Metaspace       used 8579K, capacity 8716K, committed 8832K, reserved 1056768K
  class space    used 1003K, capacity 1092K, committed 1152K, reserved 1048576K
}

Deoptimization events (7 events):
Event: 2.151 Thread 0x0000000056a3f000 Uncommon trap: reason=unstable_if action=reinterpret pc=0x0000000002a351dc method=java.util.ArrayList.indexOf(Ljava/lang/Object;)I @ 41
Event: 2.369 Thread 0x0000000056a3f000 Uncommon trap: reason=class_check action=maybe_recompile pc=0x00000000029e840c method=java.lang.String.equals(Ljava/lang/Object;)Z @ 8
Event: 2.369 Thread 0x0000000056a3f000 Uncommon trap: reason=class_check action=maybe_recompile pc=0x00000000029e840c method=java.lang.String.equals(Ljava/lang/Object;)Z @ 8
Event: 2.369 Thread 0x0000000056a3f000 Uncommon trap: reason=class_check action=maybe_recompile pc=0x00000000029e840c method=java.lang.String.equals(Ljava/lang/Object;)Z @ 8
Event: 2.369 Thread 0x0000000056a3f000 Uncommon trap: reason=class_check action=maybe_recompile pc=0x00000000029e840c method=java.lang.String.equals(Ljava/lang/Object;)Z @ 8
Event: 5.719 Thread 0x0000000056a3f000 Uncommon trap: reason=unstable_if action=reinterpret pc=0x0000000002a272b4 method=java.lang.CharacterData.of(I)Ljava/lang/CharacterData; @ 4
Event: 5.723 Thread 0x0000000056a3f000 Uncommon trap: reason=unstable_if action=reinterpret pc=0x0000000002adaa40 method=java.lang.Character.isSurrogate(C)Z @ 3

Internal exceptions (10 events):
Event: 0.672 Thread 0x000000000245e800 Exception <a 'java/lang/NoSuchMethodError': Method sun.misc.Unsafe.defineClass(Ljava/lang/String;[BII)Ljava/lang/Class; name or signature does not match> (0x00000000eaf07cc0) thrown at [C:\re\workspace\8-2-build-windows-amd64-cygwin\jdk8u101\7261\hotspot\s‚ÕoƒU~Â?
Event: 0.672 Thread 0x000000000245e800 Exception <a 'java/lang/NoSuchMethodError': Method sun.misc.Unsafe.prefetchRead(Ljava/lang/Object;J)V name or signature does not match> (0x00000000eaf07fa8) thrown at [C:\re\workspace\8-2-build-windows-amd64-cygwin\jdk8u101\7261\hotspot\src\share\vm\prims\qÿA ¡ÔÌ?
Event: 0.936 Thread 0x000000000245e800 Exception <a 'java/security/PrivilegedActionException'> (0x00000000eaf89e70) thrown at [C:\re\workspace\8-2-build-windows-amd64-cygwin\jdk8u101\7261\hotspot\src\share\vm\prims\jvm.cpp, line 1386]
Event: 0.936 Thread 0x000000000245e800 Exception <a 'java/security/PrivilegedActionException'> (0x00000000eaf8a080) thrown at [C:\re\workspace\8-2-build-windows-amd64-cygwin\jdk8u101\7261\hotspot\src\share\vm\prims\jvm.cpp, line 1386]
Event: 0.937 Thread 0x000000000245e800 Exception <a 'java/security/PrivilegedActionException'> (0x00000000eaf8df68) thrown at [C:\re\workspace\8-2-build-windows-amd64-cygwin\jdk8u101\7261\hotspot\src\share\vm\prims\jvm.cpp, line 1386]
Event: 0.937 Thread 0x000000000245e800 Exception <a 'java/security/PrivilegedActionException'> (0x00000000eaf8e178) thrown at [C:\re\workspace\8-2-build-windows-amd64-cygwin\jdk8u101\7261\hotspot\src\share\vm\prims\jvm.cpp, line 1386]
Event: 1.064 Thread 0x000000000245e800 Exception <a 'java/io/FileNotFoundException'> (0x00000000eaf94ae8) thrown at [C:\re\workspace\8-2-build-windows-amd64-cygwin\jdk8u101\7261\hotspot\src\share\vm\prims\jni.cpp, line 709]
Event: 1.209 Thread 0x000000000245e800 Exception <a 'java/lang/NoSuchFieldError': method resolution failed> (0x00000000eb0b4d10) thrown at [C:\re\workspace\8-2-build-windows-amd64-cygwin\jdk8u101\7261\hotspot\src\share\vm\prims\methodHandles.cpp, line 1146]
Event: 1.212 Thread 0x000000000245e800 Exception <a 'java/lang/NoSuchFieldError': method resolution failed> (0x00000000eb0c20e0) thrown at [C:\re\workspace\8-2-build-windows-amd64-cygwin\jdk8u101\7261\hotspot\src\share\vm\prims\methodHandles.cpp, line 1146]
Event: 1.341 Thread 0x000000000245e800 Exception <a 'java/io/FileNotFoundException'> (0x00000000eb156a28) thrown at [C:\re\workspace\8-2-build-windows-amd64-cygwin\jdk8u101\7261\hotspot\src\share\vm\prims\jni.cpp, line 709]

Events (10 events):
Event: 6.158 loading class java/awt/Cursor$CursorDisposer
Event: 6.158 loading class java/awt/Cursor$CursorDisposer done
Event: 6.159 loading class java/awt/event/ContainerEvent
Event: 6.159 loading class java/awt/event/ContainerEvent done
Event: 6.160 loading class java/awt/event/MouseWheelEvent
Event: 6.160 loading class java/awt/event/MouseWheelEvent done
Event: 6.160 loading class java/awt/AWTEvent$2
Event: 6.160 loading class java/awt/AWTEvent$2 done
Event: 6.161 loading class sun/reflect/UnsafeBooleanFieldAccessorImpl
Event: 6.162 loading class sun/reflect/UnsafeBooleanFieldAccessorImpl done


Dynamic libraries:
0x000000013fff0000 - 0x0000000140027000 	C:\Program Files\Java\jdk1.8.0_101\bin\javaw.exe
0x0000000076ce0000 - 0x0000000076e89000 	C:\Windows\SYSTEM32\ntdll.dll
0x0000000076ac0000 - 0x0000000076be0000 	C:\Windows\system32\kernel32.dll
0x000007fefcc50000 - 0x000007fefccbc000 	C:\Windows\system32\KERNELBASE.dll
0x0000000074760000 - 0x00000000747f4000 	C:\Windows\System32\SYSFER.DLL
0x000007fefe240000 - 0x000007fefe31b000 	C:\Windows\system32\ADVAPI32.dll
0x000007fefec70000 - 0x000007fefed0f000 	C:\Windows\system32\msvcrt.dll
0x000007fefd190000 - 0x000007fefd1af000 	C:\Windows\SYSTEM32\sechost.dll
0x000007fefede0000 - 0x000007fefef0d000 	C:\Windows\system32\RPCRT4.dll
0x0000000076be0000 - 0x0000000076cda000 	C:\Windows\system32\USER32.dll
0x000007fefce50000 - 0x000007fefceb7000 	C:\Windows\system32\GDI32.dll
0x000007fefce40000 - 0x000007fefce4e000 	C:\Windows\system32\LPK.dll
0x000007fefed10000 - 0x000007fefedd9000 	C:\Windows\system32\USP10.dll
0x000007fefb4a0000 - 0x000007fefb694000 	C:\Windows\WinSxS\amd64_microsoft.windows.common-controls_6595b64144ccf1df_6.0.7601.18837_none_fa3b1e3d17594757\COMCTL32.dll
0x000007fefe1c0000 - 0x000007fefe231000 	C:\Windows\system32\SHLWAPI.dll
0x000007fefefc0000 - 0x000007fefefee000 	C:\Windows\system32\IMM32.DLL
0x000007fefe380000 - 0x000007fefe489000 	C:\Windows\system32\MSCTF.dll
0x0000000066300000 - 0x00000000663d2000 	C:\Program Files\Java\jdk1.8.0_101\jre\bin\msvcr100.dll
0x000000005aa00000 - 0x000000005b29a000 	C:\Program Files\Java\jdk1.8.0_101\jre\bin\server\jvm.dll
0x000007fef3930000 - 0x000007fef3939000 	C:\Windows\system32\WSOCK32.dll
0x000007fefec20000 - 0x000007fefec6d000 	C:\Windows\system32\WS2_32.dll
0x000007fefef10000 - 0x000007fefef18000 	C:\Windows\system32\NSI.dll
0x000007fefaa00000 - 0x000007fefaa3b000 	C:\Windows\system32\WINMM.dll
0x000007fefbb60000 - 0x000007fefbb6c000 	C:\Windows\system32\VERSION.dll
0x0000000076ea0000 - 0x0000000076ea7000 	C:\Windows\system32\PSAPI.DLL
0x000000006d350000 - 0x000000006d35f000 	C:\Program Files\Java\jdk1.8.0_101\jre\bin\verify.dll
0x00000000687e0000 - 0x0000000068809000 	C:\Program Files\Java\jdk1.8.0_101\jre\bin\java.dll
0x00000000687c0000 - 0x00000000687d6000 	C:\Program Files\Java\jdk1.8.0_101\jre\bin\zip.dll
0x000007fefd1b0000 - 0x000007fefdf39000 	C:\Windows\system32\SHELL32.dll
0x000007fefe800000 - 0x000007fefea03000 	C:\Windows\system32\ole32.dll
0x000007fefca80000 - 0x000007fefca8f000 	C:\Windows\system32\profapi.dll
0x00000000587b0000 - 0x0000000058948000 	C:\Program Files\Java\jdk1.8.0_101\jre\bin\awt.dll
0x000007fefe4b0000 - 0x000007fefe587000 	C:\Windows\system32\OLEAUT32.dll
0x000007fefacc0000 - 0x000007fefacd8000 	C:\Windows\system32\DWMAPI.DLL
0x000007fefb440000 - 0x000007fefb496000 	C:\Windows\system32\uxtheme.dll
0x000007fefc8e0000 - 0x000007fefc8ef000 	C:\Windows\system32\CRYPTBASE.dll
0x0000000066430000 - 0x0000000066477000 	C:\Program Files\Java\jdk1.8.0_101\jre\bin\fontmanager.dll
0x00000000687a0000 - 0x00000000687ba000 	C:\Program Files\Java\jdk1.8.0_101\jre\bin\net.dll
0x000007fefc220000 - 0x000007fefc275000 	C:\Windows\system32\mswsock.dll
0x000007fefc210000 - 0x000007fefc217000 	C:\Windows\System32\wship6.dll
0x0000000068780000 - 0x0000000068791000 	C:\Program Files\Java\jdk1.8.0_101\jre\bin\nio.dll
0x00000000662b0000 - 0x00000000662f2000 	C:\Program Files\Java\jdk1.8.0_101\jre\bin\t2k.dll

VM Arguments:
jvm_args: -Dfile.encoding=Cp1252 
java_command: GameOfLife
java_class_path (initial): C:\Users\CBuckley\workspace2016\NGT-Week9\bin
Launcher Type: SUN_STANDARD

Environment Variables:
PATH=C:/Program Files/Java/jdk1.8.0_101/bin/../jre/bin/server;C:/Program Files/Java/jdk1.8.0_101/bin/../jre/bin;C:/Program Files/Java/jdk1.8.0_101/bin/../jre/lib/amd64;C:\ProgramData\Oracle\Java\javapath;C:\Program Files\Common Files\Microsoft Shared\Windows Live;C:\Windows\system32;C:\Windows;C:\Windows\System32\Wbem;C:\Windows\System32\WindowsPowerShell\v1.0\;c:\Program Files (x86)\Microsoft SQL Server\100\Tools\Binn\;c:\Program Files\Microsoft SQL Server\100\Tools\Binn\;c:\Program Files\Microsoft SQL Server\100\DTS\Binn\;C:\Program Files (x86)\Intel\OpenCL SDK\2.0\bin\x86;C:\Program Files (x86)\Intel\OpenCL SDK\2.0\bin\x64;C:\Program Files (x86)\Intel\OpenCL SDK\2.0\bin\x86;C:\Program Files (x86)\Intel\OpenCL SDK\2.0\bin\x64;C:\Program Files (x86)\Intel\OpenCL SDK\2.0\bin\x86;C:\Program Files (x86)\Intel\OpenCL SDK\2.0\bin\x64;c:\Users\CBuckley\.openvpn\bin;C:\Program Files (x86)\Intel\OpenCL SDK\2.0\bin\x86;C:\Program Files (x86)\Intel\OpenCL SDK\2.0\bin\x64;C:\Program Files (x86)\Intel\OpenCL SDK\2.0\bin\x86;C:\Program Files (x86)\Intel\OpenCL SDK\2.0\bin\x64;C:\Program Files\Intel\WiFi\bin\;C:\Program Files\Common Files\Intel\WirelessCommon\;C:\Program Files\Microsoft\Web Platform Installer\;C:\Program Files (x86)\Microsoft ASP.NET\ASP.NET Web Pages\v1.0\;C:\Program Files\Microsoft SQL Server\110\Tools\Binn\;C:\Windows\system32\config\systemprofile\.dnx\bin;C:\Program Files\Microsoft DNX\Dnvm\;C:\Program Files (x86)\Windows Kits\8.1\Windows Performance Toolkit\;C:\Program Files\PuTTY\;C:\Program Files\nodejs\;C:\Program Files (x86)\Common Files\Microsoft Shared\Windows Live;C:\Program Files\Intel\WiFi\bin\;C:\Program Files\Common Files\Intel\WirelessCommon\;C:\Users\CBuckley\AppData\Local\.meteor\;C:\Users\CBuckley\AppData\Local\atom\bin;C:\Users\CBuckley\AppData\Roaming\npm;C:\Users\CBuckley\jee-latest-released2\eclipse;
USERNAME=cbuckley
OS=Windows_NT
PROCESSOR_IDENTIFIER=Intel64 Family 6 Model 42 Stepping 7, GenuineIntel



---------------  S Y S T E M  ---------------

OS: Windows 7 , 64 bit Build 7601 (6.1.7601.19018)

CPU:total 4 (2 cores per cpu, 2 threads per core) family 6 model 42 stepping 7, cmov, cx8, fxsr, mmx, sse, sse2, sse3, ssse3, sse4.1, sse4.2, popcnt, avx, aes, clmul, ht, tsc, tscinvbit

Memory: 4k page, physical 4138428k(445388k free), swap 5712188k(5312k free)

vm_info: Java HotSpot(TM) 64-Bit Server VM (25.101-b13) for windows-amd64 JRE (1.8.0_101-b13), built on Jun 22 2016 01:21:29 by "java_re" with MS VC++ 10.0 (VS2010)

time: Mon May 01 13:43:18 2017
elapsed time: 6 seconds (0d 0h 0m 6s)

